<?xml version="1.0" encoding="UTF-8"?>
<!-- Generated by org.testng.reporters.JUnitReportReporter -->
<testsuite skipped="0" hostname="DESKTOP-1RF5DFL" name="GTProjects.GITcommands.RestAPITest" tests="2" failures="0" timestamp="14 Aug 2020 17:12:43 GMT" time="0.011" errors="0">
  <testcase name="RestApiTest2" time="0.003" classname="GTProjects.GITcommands.RestAPITest"/>
  <testcase name="RestApiTest" time="0.008" classname="GTProjects.GITcommands.RestAPITest"/>
</testsuite> <!-- GTProjects.GITcommands.RestAPITest -->
