<?xml version="1.0" encoding="UTF-8"?>
<!-- Generated by org.testng.reporters.JUnitReportReporter -->
<testsuite skipped="0" hostname="DESKTOP-1RF5DFL" name="GTProjects.GITcommands.SeleniumScripts" tests="2" failures="0" timestamp="13 Aug 2020 21:48:05 GMT" time="0.044" errors="0">
  <testcase name="browserTest" time="0.002" classname="GTProjects.GITcommands.SeleniumScripts"/>
  <testcase name="ApplicationLaunch" time="0.042" classname="GTProjects.GITcommands.SeleniumScripts"/>
</testsuite> <!-- GTProjects.GITcommands.SeleniumScripts -->
