<?xml version="1.0" encoding="UTF-8"?>
<!-- Generated by org.testng.reporters.JUnitReportReporter -->
<testsuite skipped="0" hostname="DESKTOP-1RF5DFL" name="GTProjects.GITcommands.SeleniumTest" tests="3" failures="0" timestamp="14 Aug 2020 17:29:54 GMT" time="0.004" errors="0">
  <testcase name="ApplicationLaunch2" time="0.000" classname="GTProjects.GITcommands.SeleniumTest"/>
  <testcase name="browserTest" time="0.001" classname="GTProjects.GITcommands.SeleniumTest"/>
  <testcase name="ApplicationLaunch" time="0.003" classname="GTProjects.GITcommands.SeleniumTest"/>
</testsuite> <!-- GTProjects.GITcommands.SeleniumTest -->
