<?xml version="1.0" encoding="UTF-8"?>
<!-- Generated by org.testng.reporters.JUnitReportReporter -->
<testsuite skipped="0" hostname="DESKTOP-1RF5DFL" name="GTProjects.GITcommands.MobileTest" tests="2" failures="0" timestamp="13 Aug 2020 22:14:37 GMT" time="0.034" errors="0">
  <testcase name="AppiumTest2" time="0.000" classname="GTProjects.GITcommands.MobileTest"/>
  <testcase name="AppiumTest" time="0.034" classname="GTProjects.GITcommands.MobileTest"/>
</testsuite> <!-- GTProjects.GITcommands.MobileTest -->
