<?xml version="1.0" encoding="UTF-8"?>
<!-- Generated by org.testng.reporters.JUnitReportReporter -->
<testsuite skipped="0" hostname="DESKTOP-1RF5DFL" name="GTProjects.GITcommands.MobileTest" tests="2" failures="0" timestamp="14 Aug 2020 17:29:54 GMT" time="0.017" errors="0">
  <testcase name="AppiumTest2" time="0.000" classname="GTProjects.GITcommands.MobileTest"/>
  <testcase name="AppiumTest" time="0.017" classname="GTProjects.GITcommands.MobileTest"/>
</testsuite> <!-- GTProjects.GITcommands.MobileTest -->
