<?xml version="1.0" encoding="UTF-8"?>
<!-- Generated by org.testng.reporters.JUnitReportReporter -->
<testsuite skipped="0" hostname="DESKTOP-1RF5DFL" name="GTProjects.GITcommands.SeleniumTest" tests="2" failures="0" timestamp="13 Aug 2020 22:14:37 GMT" time="0.007" errors="0">
  <testcase name="ApplicationLaunch" time="0.006" classname="GTProjects.GITcommands.SeleniumTest"/>
  <testcase name="browserTest" time="0.001" classname="GTProjects.GITcommands.SeleniumTest"/>
</testsuite> <!-- GTProjects.GITcommands.SeleniumTest -->
